
<?xml version="1.0" encoding="UTF-8" ?>
<?xml-stylesheet href="stylearth_uc.xsl" type="text/xsl"?>
    <rss version="2.0">
        <channel>
            <title>地震速報</title>
            <description>由香港天文台提供的地震速報</description>
            <link>https://www.hko.gov.hk/tc/gts/equake/neqpress.htm</link>
            <language>zh-tw</language>
            <webMaster>mailbox@hko.gov.hk (香港天文台)</webMaster>
            <copyright>本檔案的內容，包括但不限於所有文本、平面圖像、圖畫、圖片、照片以及數據或其他資料的匯編，均受版權保障。香港特別行政區政府是本檔案內所有版權作品的擁有人。</copyright>
            <pubDate>Tue, 09 Jan 2024 20:32:15 +0800</pubDate>
            <image>
                <title>香港天文台</title>
                <url>https://rss.weather.gov.hk/img/logo_dblue.gif</url>
                <width>333</width>
                <height>65</height>
            </image>
            <item>
                <title><![CDATA[強地震報告已取消 6.8級 [北緯4.9,東經126.2] 印尼塔勞群島 (04:58 HKT 09/01/2024) ]]></title>
                <author>hkowm@hko.gov.hk (香港天文台)</author>
		<link><![CDATA[http://openstreetmap.org/?mlat=4.9&mlon=126.2]]></link>
                <description><![CDATA[地震已取消: 2024-01-09 04:48HKT 6.8級 [北緯4.9,東經126.2] 印尼塔勞群島 <a href='http://openstreetmap.org/?mlat=4.9&amp;mlon=126.2'>http://openstreetmap.org/?mlat=4.9&mlon=126.2</a> ]]></description>
                <pubDate>Tue, 09 Jan 2024 20:32:15 +0800</pubDate>
                <guid isPermaLink="false">202401092032地震速報已取消</guid>
            </item>
        </channel>
    </rss>
